<?xml version="1.0" encoding="UTF-8"?>
<!-- Generated by org.testng.reporters.JUnitReportReporter -->
<testsuite hostname="Sachin-PC" failures="0" tests="1" name="com.inetbanking.testCases.TC_LoginTest_001" time="11.987" errors="0" timestamp="18 Oct 2021 14:24:45 GMT" skipped="0">
  <testcase classname="com.inetbanking.testCases.TC_LoginTest_001" name="loginTest" time="11.987"/>
</testsuite> <!-- com.inetbanking.testCases.TC_LoginTest_001 -->
