<?xml version="1.0" encoding="UTF-8"?>
<!-- Generated by org.testng.reporters.JUnitReportReporter -->
<testsuite hostname="Sachin-PC" failures="0" tests="1" name="com.inetbanking.testCases.TC_AddCustomerTest_003" time="20.173" errors="0" timestamp="18 Oct 2021 14:34:02 GMT" skipped="0">
  <testcase classname="com.inetbanking.testCases.TC_AddCustomerTest_003" name="addNewCustomer" time="20.173"/>
</testsuite> <!-- com.inetbanking.testCases.TC_AddCustomerTest_003 -->
